{
  "stats": {
    "suites": 1,
    "tests": 1,
    "passes": 1,
    "pending": 0,
    "failures": 0,
    "start": "2024-11-23T10:29:04.582Z",
    "end": "2024-11-23T10:30:07.855Z",
    "duration": 63273,
    "testsRegistered": 1,
    "passPercent": 100,
    "pendingPercent": 0,
    "other": 0,
    "hasOther": false,
    "skipped": 0,
    "hasSkipped": false
  },
  "results": [
    {
      "uuid": "789be22c-f693-4818-9207-4e657095d102",
      "title": "",
      "fullFile": "C:\\Users\\deast\\Work\\Upbond\\upbond_DJ\\e2e_hankyu_vip\\test\\stg-env\\vip_existing_user.js",
      "file": "\\vip_existing_user.js",
      "beforeHooks": [],
      "afterHooks": [],
      "tests": [],
      "suites": [
        {
          "uuid": "c72049fa-5a60-46cd-9436-9395785f2e7c",
          "title": "E2E UPBOND HANKYU VIP STG",
          "fullFile": "C:\\Users\\deast\\Work\\Upbond\\upbond_DJ\\e2e_hankyu_vip\\test\\stg-env\\vip_existing_user.js",
          "file": "\\vip_existing_user.js",
          "beforeHooks": [
            {
              "title": "\"before all\" hook in \"E2E UPBOND HANKYU VIP STG\"",
              "fullTitle": "E2E UPBOND HANKYU VIP STG \"before all\" hook in \"E2E UPBOND HANKYU VIP STG\"",
              "timedOut": false,
              "duration": 844,
              "state": null,
              "speed": null,
              "pass": false,
              "fail": false,
              "pending": false,
              "context": null,
              "code": "driver = await createDriver();",
              "err": {},
              "uuid": "338011fd-4875-4e81-9b1f-8c6e7d4dbd25",
              "parentUUID": "c72049fa-5a60-46cd-9436-9395785f2e7c",
              "isHook": true,
              "skipped": false
            }
          ],
          "afterHooks": [
            {
              "title": "\"after all\" hook in \"E2E UPBOND HANKYU VIP STG\"",
              "fullTitle": "E2E UPBOND HANKYU VIP STG \"after all\" hook in \"E2E UPBOND HANKYU VIP STG\"",
              "timedOut": false,
              "duration": 1,
              "state": null,
              "speed": null,
              "pass": false,
              "fail": false,
              "pending": false,
              "context": null,
              "code": "await driver.quit();",
              "err": {},
              "uuid": "fbcaab89-f586-4b41-b80e-6d13e7b79126",
              "parentUUID": "c72049fa-5a60-46cd-9436-9395785f2e7c",
              "isHook": true,
              "skipped": false
            }
          ],
          "tests": [
            {
              "title": "01. Login Existing User & Check Dashboard",
              "fullTitle": "E2E UPBOND HANKYU VIP STG 01. Login Existing User & Check Dashboard",
              "timedOut": false,
              "duration": 62423,
              "state": "passed",
              "speed": "slow",
              "pass": true,
              "fail": false,
              "pending": false,
              "context": null,
              "code": "const chai = await import('chai');\nchai.should();\nlet driver = await createDriver();\n    \n// try {\n    await driver.get('https://stg.vip.hankyu-hanshin-dept.co.jp/');\n    await driver.manage().window().maximize();\n    \n    //await driver.findElement(By.xpath('//button[@class=\"dropbtn\" and text()=\"ログイン\"]')).click();\n    await driver.wait(until.elementLocated(By.xpath('//span[@id=\"otp-btn\" and contains(text(),\"Login with Email\")]')), 5000);\n    await driver.findElement(By.xpath('//span[@id=\"otp-btn\" and contains(text(),\"Login with Email\")]')).click();\n    \n    // Click Login with Email button\n    await driver.wait(until.elementLocated(By.xpath('//span[@id=\"otp-btn\" and contains(text(),\"Login with Email\")]')), 10000);\n    await driver.wait(until.elementLocated(By.xpath('//input[@type=\"text\" and @id=\"otp-email\"]')), 5000);\n    await driver.findElement(By.xpath('//input[@type=\"text\" and @id=\"otp-email\"]')).sendKeys(credentials.USROTP_VIP_EXISTING);\n    await driver.findElement(By.xpath('//button[@type=\"submit\" and @id=\"otp-button\"]')).click();\n    await driver.sleep(3000)\n    // Switch new tab to get OTP code\n    let current_window = await driver.getWindowHandle();\n    await driver.switchTo().newWindow('tab');\n    let windows = await driver.getAllWindowHandles();\n    let tab;\n    windows.forEach(async handle =>{\n        if (handle!=current_window){\n            tab = handle;\n        }\n    });\n    await driver.get('https://mail.google.com/');\n    await driver.manage().window().maximize();\n    await driver.findElement(By.xpath('//input[@type=\"email\" and @name=\"identifier\"]')).sendKeys(credentials.USRGOOGLE);\n    await driver.sleep(1500);\n    await driver.findElement(By.xpath('//span[text()=\"Next\"]')).click();\n    await driver.sleep(5000);\n    await driver.wait(until.elementLocated(By.xpath('//input[@type=\"password\" and @name=\"Passwd\"]')), 1000);\n    await driver.findElement(By.xpath('//input[@type=\"password\" and @name=\"Passwd\"]')).sendKeys(credentials.PWDOTP);\n    await driver.sleep(1000);\n    await driver.findElement(By.xpath('//span[text()=\"Next\"]')).click();\n    await driver.sleep(5000);\n    await driver.wait(until.elementLocated(By.xpath('(//a[@title=\"Gmail\" and @href=\"#inbox\"])[2]')), 5000);\n    let topEmail = await driver.wait(until.elementLocated(By.css('tr.zA.zE')), 3000);\n    await topEmail.click();\n    let otpElement = await driver.findElement(By.xpath('(//p)[3]'));\n    let otpCode = await otpElement.getText();\n    \n    //chatgpt               \n    //chatgpt\n    //Back to login 3.0 page\n    await driver.getAllWindowHandles();\n    await driver.switchTo().window(current_window);\n    for (let i = 0; i < otpCode.length; i++) {\n        let inputElement = await driver.wait(until.elementLocated(By.id(`handleInput${i + 1}`)), 3000);\n        await inputElement.sendKeys(otpCode[i]);\n        await driver.sleep(1000);\n    };\n    await driver.sleep(1000);\n    await driver.findElement(By.xpath('//button[@type=\"submit\"]')).click();\n    await driver.sleep(20000);\n    // Home page Hankyu VIP\n    await driver.wait(until.elementLocated(By.xpath('//div[text()=\"■ Member Privileges\"]')), 8000);\n    await driver.sleep(500);\n    await driver.quit();\n// } catch (error) {\n//     console.error('Error occurred during test execution:', error);\n//     throw new Error('Failed to login existing user with OTP');\n// }\n\n\n// await driver.sleep(500);\n// await driver.quit();",
              "err": {},
              "uuid": "a68d08d8-85f7-45e5-b759-17a26906a7b2",
              "parentUUID": "c72049fa-5a60-46cd-9436-9395785f2e7c",
              "isHook": false,
              "skipped": false
            }
          ],
          "suites": [],
          "passes": [
            "a68d08d8-85f7-45e5-b759-17a26906a7b2"
          ],
          "failures": [],
          "pending": [],
          "skipped": [],
          "duration": 62423,
          "root": false,
          "rootEmpty": false,
          "_timeout": 200000
        }
      ],
      "passes": [],
      "failures": [],
      "pending": [],
      "skipped": [],
      "duration": 0,
      "root": true,
      "rootEmpty": true,
      "_timeout": 0
    }
  ],
  "meta": {
    "mocha": {
      "version": "10.8.2"
    },
    "mochawesome": {
      "options": {
        "quiet": false,
        "reportFilename": "mochawesome",
        "saveHtml": true,
        "saveJson": true,
        "consoleReporter": "spec",
        "useInlineDiffs": false,
        "code": true
      },
      "version": "7.1.3"
    },
    "marge": {
      "options": {
        "reportDir": "C:/Users/deast/Work/Upbond/upbond_DJ/e2e_hankyu_vip/report_result"
      },
      "version": "6.2.0"
    }
  }
}